<?xml version="1.0" encoding="UTF-8"?>
<!-- Generated by org.testng.reporters.JUnitXMLReporter -->
<testsuite ignored="0" hostname="DESKTOP-86MKL7J" failures="0" tests="8" name="Default test" time="67.573" errors="0" timestamp="2025-08-13T17:53:23 IST">
  <testcase classname="cabBooking.MakeMyTrip_TestNG" name="makeMyTrip" time="3.903"/>
  <testcase classname="cabBooking.MakeMyTrip_TestNG" name="navigateToCabs" time="1.864"/>
  <testcase classname="cabBooking.MakeMyTrip_TestNG" name="selectFromAndToCity" time="12.889"/>
  <testcase classname="cabBooking.MakeMyTrip_TestNG" name="selectSUV" time="2.302"/>
  <testcase classname="cabBooking.MakeMyTrip_TestNG" name="lowestCharge" time="4.511"/>
  <testcase classname="cabBooking.MakeMyTrip_TestNG" name="adultCount" time="10.907"/>
  <testcase classname="cabBooking.MakeMyTrip_TestNG" name="validateResult" time="17.833"/>
  <testcase classname="cabBooking.MakeMyTrip_TestNG" name="captureScreenshot" time="0.232"/>
</testsuite> <!-- Default test -->
