<?xml version="1.0" encoding="UTF-8"?>
<!-- Generated by org.testng.reporters.JUnitXMLReporter -->
<testsuite ignored="0" hostname="DESKTOP-86MKL7J" failures="0" tests="7" name="Test" time="62.598" errors="0" timestamp="2025-08-19T17:31:57 IST">
  <testcase classname="cabBooking.MakeMyTrip_TestNG" name="makeMyTrip" time="3.316"/>
  <testcase classname="cabBooking.MakeMyTrip_TestNG" name="navigateToCabs" time="2.388"/>
  <testcase classname="cabBooking.MakeMyTrip_TestNG" name="selectFromAndToCity" time="8.82"/>
  <testcase classname="cabBooking.MakeMyTrip_TestNG" name="selectSUV" time="10.245"/>
  <testcase classname="cabBooking.MakeMyTrip_TestNG" name="lowestCharge" time="2.489"/>
  <testcase classname="cabBooking.MakeMyTrip_TestNG" name="adultCount" time="7.172"/>
  <testcase classname="cabBooking.MakeMyTrip_TestNG" name="validateResult" time="15.61"/>
</testsuite> <!-- Test -->
