<?xml version="1.0" encoding="UTF-8"?>
<!-- Generated by org.testng.reporters.JUnitXMLReporter -->
<testsuite ignored="0" hostname="DESKTOP-86MKL7J" failures="0" tests="8" name="Test" time="77.59" errors="0" timestamp="2025-08-14T11:33:54 IST">
  <testcase classname="cabBooking.MakeMyTrip_TestNG" name="makeMyTrip" time="4.119"/>
  <testcase classname="cabBooking.MakeMyTrip_TestNG" name="navigateToCabs" time="2.417"/>
  <testcase classname="cabBooking.MakeMyTrip_TestNG" name="selectFromAndToCity" time="12.664"/>
  <testcase classname="cabBooking.MakeMyTrip_TestNG" name="selectSUV" time="1.883"/>
  <testcase classname="cabBooking.MakeMyTrip_TestNG" name="lowestCharge" time="5.785"/>
  <testcase classname="cabBooking.MakeMyTrip_TestNG" name="adultCount" time="12.962"/>
  <testcase classname="cabBooking.MakeMyTrip_TestNG" name="validateResult" time="17.916"/>
  <testcase classname="cabBooking.MakeMyTrip_TestNG" name="captureScreenshot" time="0.408"/>
</testsuite> <!-- Test -->
