<?xml version="1.0" encoding="UTF-8"?>
<testng-results ignored="0" total="7" passed="7" failed="0" skipped="0">
  <reporter-output>
  </reporter-output>
  <suite started-at="2025-08-19T17:30:52 IST" name="Suite" finished-at="2025-08-19T17:31:55 IST" duration-ms="62598">
    <groups>
    </groups>
    <test started-at="2025-08-19T17:30:52 IST" name="Test" finished-at="2025-08-19T17:31:55 IST" duration-ms="62598">
      <class name="cabBooking.MakeMyTrip_TestNG">
        <test-method is-config="true" signature="setup()[pri:0, instance:cabBooking.MakeMyTrip_TestNG@65e98b1c]" started-at="2025-08-19T17:30:53 IST" name="setup" finished-at="2025-08-19T17:30:58 IST" duration-ms="5530" status="PASS">
          <reporter-output>
          </reporter-output>
        </test-method> <!-- setup -->
        <test-method signature="makeMyTrip()[pri:1, instance:cabBooking.MakeMyTrip_TestNG@65e98b1c]" started-at="2025-08-19T17:30:58 IST" name="makeMyTrip" finished-at="2025-08-19T17:31:02 IST" duration-ms="3316" status="PASS">
          <reporter-output>
          </reporter-output>
        </test-method> <!-- makeMyTrip -->
        <test-method signature="navigateToCabs()[pri:2, instance:cabBooking.MakeMyTrip_TestNG@65e98b1c]" started-at="2025-08-19T17:31:02 IST" name="navigateToCabs" finished-at="2025-08-19T17:31:04 IST" duration-ms="2388" status="PASS">
          <reporter-output>
          </reporter-output>
        </test-method> <!-- navigateToCabs -->
        <test-method signature="selectFromAndToCity()[pri:3, instance:cabBooking.MakeMyTrip_TestNG@65e98b1c]" started-at="2025-08-19T17:31:04 IST" name="selectFromAndToCity" finished-at="2025-08-19T17:31:13 IST" duration-ms="8820" status="PASS">
          <reporter-output>
          </reporter-output>
        </test-method> <!-- selectFromAndToCity -->
        <test-method signature="selectSUV()[pri:4, instance:cabBooking.MakeMyTrip_TestNG@65e98b1c]" started-at="2025-08-19T17:31:13 IST" name="selectSUV" finished-at="2025-08-19T17:31:23 IST" duration-ms="10245" status="PASS">
          <reporter-output>
          </reporter-output>
        </test-method> <!-- selectSUV -->
        <test-method signature="lowestCharge()[pri:5, instance:cabBooking.MakeMyTrip_TestNG@65e98b1c]" started-at="2025-08-19T17:31:23 IST" name="lowestCharge" finished-at="2025-08-19T17:31:26 IST" duration-ms="2489" status="PASS">
          <reporter-output>
          </reporter-output>
        </test-method> <!-- lowestCharge -->
        <test-method signature="adultCount()[pri:6, instance:cabBooking.MakeMyTrip_TestNG@65e98b1c]" started-at="2025-08-19T17:31:26 IST" name="adultCount" finished-at="2025-08-19T17:31:33 IST" duration-ms="7172" status="PASS">
          <reporter-output>
          </reporter-output>
        </test-method> <!-- adultCount -->
        <test-method signature="validateResult()[pri:7, instance:cabBooking.MakeMyTrip_TestNG@65e98b1c]" started-at="2025-08-19T17:31:33 IST" name="validateResult" finished-at="2025-08-19T17:31:48 IST" duration-ms="15610" status="PASS">
          <reporter-output>
          </reporter-output>
        </test-method> <!-- validateResult -->
        <test-method is-config="true" signature="closeBrowser()[pri:0, instance:cabBooking.MakeMyTrip_TestNG@65e98b1c]" started-at="2025-08-19T17:31:48 IST" name="closeBrowser" finished-at="2025-08-19T17:31:55 IST" duration-ms="6491" status="PASS">
          <reporter-output>
          </reporter-output>
        </test-method> <!-- closeBrowser -->
      </class> <!-- cabBooking.MakeMyTrip_TestNG -->
    </test> <!-- Test -->
  </suite> <!-- Suite -->
</testng-results>
